# JRE version: OpenJDK Runtime Environment (17.0.7) (build 17.0.7+0-b2043.56-10550314)
# Java VM: OpenJDK 64-Bit Server VM (17.0.7+0-b2043.56-10550314, mixed mode, tiered, compressed oops, compressed class ptrs, g1 gc, windows-amd64)
GC Precious Log:
 CPUs: 2 total, 2 available
 Memory: 5977M
 Large Page Support: Disabled
 NUMA Support: Disabled
 Compressed Oops: Enabled (32-bit)
 Heap Region Size: 1M
 Heap Min Capacity: 8M
 Heap Initial Capacity: 94M
 Heap Max Capacity: 2G
 Pre-touch: Disabled
 Parallel Workers: 2
 Concurrent Workers: 1
 Concurrent Refinement Workers: 2
 Periodic GC: Disabled
Heap:
 garbage-first heap   total 530432K, used 216029K [0x0000000080000000, 0x0000000100000000)
  region size 1024K, 2 young (2048K), 2 survivors (2048K)
 Metaspace       used 164869K, committed 165760K, reserved 1245184K
  class space    used 21553K, committed 21952K, reserved 1048576K
GC Heap History (20 events):
Event: 354.718 GC heap after
{Heap after GC invocations=108 (full 39):
 garbage-first heap   total 530432K, used 214479K [0x0000000080000000, 0x0000000100000000)
  region size 1024K, 0 young (0K), 0 survivors (0K)
 Metaspace       used 164095K, committed 164992K, reserved 1245184K
  class space    used 21458K, committed 21888K, reserved 1048576K
}
Event: 354.736 GC heap before
{Heap before GC invocations=108 (full 39):
 garbage-first heap   total 530432K, used 214479K [0x0000000080000000, 0x0000000100000000)
  region size 1024K, 1 young (1024K), 0 survivors (0K)
 Metaspace       used 164095K, committed 164992K, reserved 1245184K
  class space    used 21458K, committed 21888K, reserved 1048576K
}
Event: 355.213 GC heap after
{Heap after GC invocations=109 (full 40):
 garbage-first heap   total 530432K, used 214479K [0x0000000080000000, 0x0000000100000000)
  region size 1024K, 0 young (0K), 0 survivors (0K)
 Metaspace       used 164095K, committed 164992K, reserved 1245184K
  class space    used 21458K, committed 21888K, reserved 1048576K
}
Event: 355.230 GC heap before
{Heap before GC invocations=109 (full 40):
 garbage-first heap   total 530432K, used 214479K [0x0000000080000000, 0x0000000100000000)
  region size 1024K, 1 young (1024K), 0 survivors (0K)
 Metaspace       used 164095K, committed 164992K, reserved 1245184K
  class space    used 21458K, committed 21888K, reserved 1048576K
}
Event: 355.704 GC heap after
{Heap after GC invocations=110 (full 41):
 garbage-first heap   total 530432K, used 214479K [0x0000000080000000, 0x0000000100000000)
  region size 1024K, 0 young (0K), 0 survivors (0K)
 Metaspace       used 164095K, committed 164992K, reserved 1245184K
  class space    used 21458K, committed 21888K, reserved 1048576K
}
Event: 355.718 GC heap before
{Heap before GC invocations=110 (full 41):
 garbage-first heap   total 530432K, used 214479K [0x0000000080000000, 0x0000000100000000)
  region size 1024K, 1 young (1024K), 0 survivors (0K)
 Metaspace       used 164095K, committed 164992K, reserved 1245184K
  class space    used 21458K, committed 21888K, reserved 1048576K
}
Event: 356.196 GC heap after
{Heap after GC invocations=111 (full 42):
 garbage-first heap   total 530432K, used 214480K [0x0000000080000000, 0x0000000100000000)
  region size 1024K, 0 young (0K), 0 survivors (0K)
 Metaspace       used 164095K, committed 164992K, reserved 1245184K
  class space    used 21458K, committed 21888K, reserved 1048576K
}
Event: 356.212 GC heap before
{Heap before GC invocations=111 (full 42):
 garbage-first heap   total 530432K, used 214480K [0x0000000080000000, 0x0000000100000000)
  region size 1024K, 1 young (1024K), 0 survivors (0K)
 Metaspace       used 164095K, committed 164992K, reserved 1245184K
  class space    used 21458K, committed 21888K, reserved 1048576K
}
Event: 356.686 GC heap after
{Heap after GC invocations=112 (full 43):
 garbage-first heap   total 530432K, used 214480K [0x0000000080000000, 0x0000000100000000)
  region size 1024K, 0 young (0K), 0 survivors (0K)
 Metaspace       used 164095K, committed 164992K, reserved 1245184K
  class space    used 21458K, committed 21888K, reserved 1048576K
}
Event: 356.703 GC heap before
{Heap before GC invocations=112 (full 43):
 garbage-first heap   total 530432K, used 214480K [0x0000000080000000, 0x0000000100000000)
  region size 1024K, 1 young (1024K), 0 survivors (0K)
 Metaspace       used 164095K, committed 164992K, reserved 1245184K
  class space    used 21458K, committed 21888K, reserved 1048576K
}
Event: 357.180 GC heap after
{Heap after GC invocations=113 (full 44):
 garbage-first heap   total 530432K, used 214480K [0x0000000080000000, 0x0000000100000000)
  region size 1024K, 0 young (0K), 0 survivors (0K)
 Metaspace       used 164095K, committed 164992K, reserved 1245184K
  class space    used 21458K, committed 21888K, reserved 1048576K
}
Event: 357.196 GC heap before
{Heap before GC invocations=113 (full 44):
 garbage-first heap   total 530432K, used 214480K [0x0000000080000000, 0x0000000100000000)
  region size 1024K, 1 young (1024K), 0 survivors (0K)
 Metaspace       used 164095K, committed 164992K, reserved 1245184K
  class space    used 21458K, committed 21888K, reserved 1048576K
}
Event: 357.667 GC heap after
{Heap after GC invocations=114 (full 45):
 garbage-first heap   total 530432K, used 214480K [0x0000000080000000, 0x0000000100000000)
  region size 1024K, 0 young (0K), 0 survivors (0K)
 Metaspace       used 164095K, committed 164992K, reserved 1245184K
  class space    used 21458K, committed 21888K, reserved 1048576K
}
Event: 357.685 GC heap before
{Heap before GC invocations=114 (full 45):
 garbage-first heap   total 530432K, used 214480K [0x0000000080000000, 0x0000000100000000)
  region size 1024K, 1 young (1024K), 0 survivors (0K)
 Metaspace       used 164095K, committed 164992K, reserved 1245184K
  class space    used 21458K, committed 21888K, reserved 1048576K
}
Event: 358.153 GC heap after
{Heap after GC invocations=115 (full 46):
 garbage-first heap   total 530432K, used 214480K [0x0000000080000000, 0x0000000100000000)
  region size 1024K, 0 young (0K), 0 survivors (0K)
 Metaspace       used 164095K, committed 164992K, reserved 1245184K
  class space    used 21458K, committed 21888K, reserved 1048576K
}
Event: 358.168 GC heap before
{Heap before GC invocations=115 (full 46):
 garbage-first heap   total 530432K, used 214480K [0x0000000080000000, 0x0000000100000000)
  region size 1024K, 1 young (1024K), 0 survivors (0K)
 Metaspace       used 164095K, committed 164992K, reserved 1245184K
  class space    used 21458K, committed 21888K, reserved 1048576K
}
Event: 358.653 GC heap after
{Heap after GC invocations=116 (full 47):
 garbage-first heap   total 530432K, used 214480K [0x0000000080000000, 0x0000000100000000)
  region size 1024K, 0 young (0K), 0 survivors (0K)
 Metaspace       used 164095K, committed 164992K, reserved 1245184K
  class space    used 21458K, committed 21888K, reserved 1048576K
}
Event: 358.673 GC heap before
{Heap before GC invocations=116 (full 47):
 garbage-first heap   total 530432K, used 214480K [0x0000000080000000, 0x0000000100000000)
  region size 1024K, 1 young (1024K), 0 survivors (0K)
 Metaspace       used 164095K, committed 164992K, reserved 1245184K
  class space    used 21458K, committed 21888K, reserved 1048576K
}
Event: 359.225 GC heap after
{Heap after GC invocations=117 (full 48):
 garbage-first heap   total 530432K, used 214493K [0x0000000080000000, 0x0000000100000000)
  region size 1024K, 0 young (0K), 0 survivors (0K)
 Metaspace       used 164095K, committed 164992K, reserved 1245184K
  class space    used 21458K, committed 21888K, reserved 1048576K
}
Event: 366.331 GC heap before
{Heap before GC invocations=117 (full 48):
 garbage-first heap   total 530432K, used 230877K [0x0000000080000000, 0x0000000100000000)
  region size 1024K, 18 young (18432K), 0 survivors (0K)
 Metaspace       used 164869K, committed 165760K, reserved 1245184K
  class space    used 21553K, committed 21952K, reserved 1048576K
}

